-0.00007
0.00000
0.00005
0.00000
-0.00003
0.00018
0.00000
0.00000
0.00000
0.00000
0.00991
0.00001
0.00124
0.00002
-0.00002
0.14086
-0.00015
-0.00107
0.00002
0.00000
0.00008
-0.03415
-0.02846
0.00148
0.25516
-0.00001
0.00920
-0.00006
0.00180
0.00000
-0.00544
0.00474
-0.00071
-0.00013
-0.12937
0.01951
0.06218
-0.00007
-0.00139
0.00008
-0.01816
-0.00005
0.00083
0.00157
-0.00143
-0.00003
0.00004
-0.00097
-0.00001
0.00001
0.03146
-0.03215
-0.00794
0.01575
0.00274
0.03180
-0.02609
0.08856
0.00137
0.01633
0.03838
-0.02454
0.00684
-0.02409
-0.04024
0.09740
0.01468
-0.12440
-0.00591
0.00215
-0.11457
0.56107
-0.34320
0.19486
-0.12384
0.32525
-0.18682
-0.02689
-0.00052
-0.36261
-0.33327
-0.26052
-0.07146
0.21706
0.04122
0.08924
0.02046
0.02879
-0.03978
0.02725
0.08329
0.09591
0.07010
-0.08567
-0.02478
0.07606
0.06690
-0.05247
-0.27871
-0.01881
-0.07305
0.36661
-0.05791
-0.04639
-0.06868
0.01178
-0.04975
0.70090
-0.23136
-0.01960
0.02647
0.01327
0.05643
0.03795
-0.00514
-0.04829
-0.05027
-0.04242
-0.07022
0.19387
0.02400
0.34544
-0.03476
-0.00825
0.02254
0.09008
-0.03994
-0.03500
0.00280
-0.19466
0.00051
0.00002
-0.00011
0.00000
0.00007
0.00345
0.00000
0.00000
0.00002
0.00000
0.00684
-0.00026
-0.00048
-0.00008
0.00001
0.00061
-0.00055
0.00124
-0.00005
0.00000
-0.00024
-0.02623
-0.01692
0.00091
0.15238
-0.00002
0.00412
0.00001
0.00048
0.00000
0.01836
0.00066
-0.00088
-0.00011
-0.10375
0.01637
0.06092
-0.00013
-0.00317
0.00003
0.10859
-0.00050
-0.00279
-0.00655
0.00742
0.00007
-0.00021
0.00872
0.00055
0.00026
0.22004
-0.25850
-0.14602
0.19344
-0.00567
0.18933
-0.06184
0.47759
0.02007
0.06493
0.25633
-0.21829
0.03687
-0.20843
-0.31785
0.71934
0.11312
-0.91919
-0.04041
0.01876
0.12041
-0.37718
0.23029
-0.07174
0.08719
-0.25934
0.17695
0.02839
-0.00502
0.31789
0.27565
0.22719
0.06703
-0.23029
-0.01398
-0.08144
-0.00396
-0.03462
0.04581
-0.01511
-0.08333
-0.10135
-0.04986
0.08356
0.03444
-0.05486
-0.07566
-0.02632
0.30366
0.09460
0.10604
-0.08291
0.03272
0.00444
0.03040
-0.14639
0.02061
-0.27120
0.08269
0.00645
-0.14595
-0.10225
-0.16736
-0.00626
0.03244
0.12749
0.10950
0.23997
0.33807
-0.94953
0.01057
0.24221
-0.03515
-0.01633
-0.00765
-0.07359
0.04554
-0.08576
-0.00925
-0.84387
0.00007
0.00001
-0.00002
0.00000
0.00008
0.00022
0.00000
0.00000
0.00000
0.00000
0.00846
0.00000
0.00101
0.00001
-0.00002
0.14676
-0.00035
-0.00082
0.00001
0.00000
-0.00006
0.03295
0.02906
-0.00148
-0.25906
0.00000
-0.00890
0.00006
-0.00102
0.00000
-0.00480
0.00248
-0.00074
-0.00017
-0.12712
0.01635
0.06639
-0.00005
-0.00169
0.00010
-0.00247
-0.00017
-0.00155
-0.00053
-0.00059
-0.00001
-0.00004
0.00187
0.00022
0.00013
0.02887
-0.03106
-0.00615
0.00957
0.01173
0.01423
-0.02151
0.11459
-0.00205
0.03073
0.02656
-0.01521
0.00096
-0.00075
0.00702
-0.00917
-0.00706
0.13292
0.00717
-0.00392
0.41139
-0.09455
0.14484
0.03925
-0.11226
-0.18690
0.20305
0.00119
0.04283
0.52848
-0.03266
-0.20548
0.05231
0.14012
0.37939
0.79411
-0.11256
0.03255
0.00040
-0.02194
0.05244
-0.03146
-0.16925
0.05414
0.09237
-0.04783
-0.08438
-0.01719
0.27498
0.03355
0.07897
0.27153
0.02845
0.12580
-0.03498
-0.18862
-0.03032
0.31329
-0.10625
-0.02088
0.07681
0.02508
0.14545
-0.04528
-0.01756
-0.13787
-0.08815
-0.02696
-0.04278
0.10740
0.02123
0.30215
-0.02184
-0.00942
-0.00654
-0.00738
0.01023
-0.03952
-0.00323
-0.31840
-0.00023
-0.00009
-0.00004
0.00001
-0.00039
0.00314
0.00000
0.00000
0.00000
0.00000
0.00014
-0.00007
0.00232
0.00001
0.00001
0.00534
0.00239
0.00023
-0.00001
0.00001
0.00002
0.01816
0.02233
-0.00090
-0.15944
0.00000
0.00424
0.00005
-0.00145
0.00000
-0.01457
0.01683
-0.00063
0.00005
-0.10252
0.02589
0.05603
-0.00018
-0.00049
0.00014
-0.00845
0.00067
0.01587
0.01152
-0.00240
0.00013
0.00004
0.00177
0.00039
0.00028
0.35941
-0.28385
0.05291
-0.00511
0.10974
0.17548
-0.29878
0.82538
-0.01956
0.21670
0.10032
0.00988
-0.00361
0.03979
0.15091
-0.34570
-0.08011
0.95751
0.04155
-0.02411
-0.27490
0.09041
-0.12676
0.01597
0.08286
0.14574
-0.13910
0.01679
-0.05236
-0.45397
-0.01691
0.14658
-0.04517
-0.10511
-0.31908
-0.70346
0.12287
-0.03495
0.00468
-0.00688
-0.06804
-0.01119
0.13036
-0.00387
-0.02464
0.06363
0.03853
0.05481
0.00776
0.03518
0.01225
-0.10697
-0.03967
-0.08431
0.02293
0.05680
0.01918
-0.29307
0.10642
0.01833
0.07420
0.06090
0.04803
-0.00036
-0.01238
0.05251
0.00180
-0.20333
-0.27683
0.79378
0.03194
0.46723
-0.05421
-0.02169
0.14824
0.19663
-0.09275
-0.05594
0.01214
-0.25793
0.00043
-0.00007
0.00047
0.00003
-0.00243
0.99492
0.00001
0.00000
-0.00004
0.00000
-0.01243
0.00001
-0.00169
-0.00002
0.00002
-0.20921
0.00035
0.00129
-0.00002
0.00000
0.00000
-0.00117
0.00078
0.00000
-0.00249
0.00000
0.00047
0.00001
-0.00025
0.00000
-0.00392
0.00269
-0.00047
-0.00008
-0.08085
0.01216
0.04176
-0.00005
-0.00097
0.00008
-0.00233
-0.00003
0.00066
0.00272
-0.00353
-0.00001
0.00000
0.00049
0.00011
0.00008
0.02897
-0.02808
-0.00652
0.01054
0.00637
0.01590
-0.01674
0.06587
-0.00005
0.01441
0.01895
-0.01163
0.00150
-0.00928
-0.00884
0.01966
0.00172
0.00142
0.00001
-0.00038
0.01378
0.01521
-0.00765
0.01353
-0.00676
0.00501
0.00222
-0.00009
-0.00016
-0.00127
-0.01453
-0.01561
-0.00085
0.00925
0.01353
0.01873
0.00237
0.00073
-0.00035
-0.00054
-0.00002
-0.00281
-0.00136
0.00469
0.00706
0.00232
-0.00595
-0.00515
0.02799
0.01380
0.01038
0.03575
-0.00288
-0.00082
-0.00420
-0.02194
-0.00337
0.03741
-0.01240
-0.00141
0.00324
0.00452
0.00097
-0.00015
-0.00099
-0.00127
-0.00257
-0.00038
-0.00030
0.00057
-0.00253
-0.03805
0.00351
0.00124
-0.00208
-0.00647
0.00247
0.00558
-0.00010
0.03969
0.00014
-0.00002
0.00003
0.00000
-0.00014
0.02903
0.00000
0.00000
0.00000
0.00000
0.02819
-0.00007
0.00405
0.00003
-0.00005
0.46378
-0.00043
-0.00282
0.00004
0.00000
-0.00003
0.00226
-0.00141
0.00000
0.00463
0.00000
-0.00009
-0.00001
0.00081
0.00000
0.01190
-0.00450
0.00101
0.00019
0.17637
-0.02604
-0.09179
0.00011
0.00194
-0.00022
0.01296
0.00006
-0.00077
-0.00818
0.01187
0.00003
-0.00002
-0.00056
-0.00027
-0.00022
-0.05513
0.05691
0.01916
-0.02523
-0.01451
-0.02585
0.02957
-0.13132
-0.00015
-0.02919
-0.04192
0.02715
-0.00239
0.02484
0.02055
-0.04132
-0.00367
-0.00091
0.00049
0.00117
-0.08592
-0.08357
0.04236
-0.07557
0.03927
-0.03943
-0.00492
0.00575
-0.00146
0.03183
0.10029
0.10949
0.00851
-0.06906
-0.09162
-0.11143
-0.02491
-0.00603
0.00427
0.00095
0.00489
0.02009
0.00030
-0.03924
-0.04976
-0.01247
0.04889
0.03901
-0.22675
-0.11219
-0.08107
-0.21343
0.01911
0.01725
0.02311
0.15767
0.01894
-0.19651
0.06525
0.00758
-0.01741
-0.05134
0.03761
-0.00321
0.00861
-0.00917
0.00638
-0.01462
-0.02723
0.07791
0.07170
1.08663
-0.10648
-0.03862
0.08246
0.17580
-0.06652
-0.16563
0.00224
-1.21595
-0.00004
0.00000
-0.00004
0.00000
-0.00002
-0.00025
0.00000
0.00000
0.00000
0.00000
-0.00128
0.00000
-0.00010
0.00000
0.00000
-0.01694
0.00007
0.00010
0.00000
0.00000
-0.00004
0.02310
0.01936
-0.00102
-0.17787
0.00000
-0.00637
0.00003
0.00043
0.00000
0.00833
-0.00150
0.00018
-0.00005
0.02637
-0.01070
-0.02629
0.00012
0.00001
-0.00047
-0.04731
-0.00121
-0.05734
-0.34641
0.48408
0.00033
0.00008
0.04137
0.00539
0.00238
0.03758
-0.04068
-0.03452
0.03205
0.00377
-0.00309
0.01612
-0.01482
0.00256
-0.01122
0.01218
-0.02477
-0.00305
-0.02374
-0.02824
0.05353
0.01179
-0.13932
-0.00687
0.00306
-0.06793
-0.10082
0.01695
0.01374
0.05948
0.04817
-0.03741
-0.00624
0.00147
-0.18883
-0.04664
-0.08641
-0.02991
0.10188
0.13190
0.11974
0.09535
0.03493
-0.06109
0.11142
0.39238
0.45305
0.23831
-0.28475
-0.22271
0.03053
0.06296
0.16662
0.15911
0.00205
0.10276
0.02883
-0.01760
-0.00602
0.02332
-0.11821
0.01444
-0.26165
0.08944
0.00957
0.02725
0.00090
0.04703
-0.04128
-0.00148
0.06081
0.01613
-0.06252
-0.08136
0.23604
0.00089
0.01877
-0.00747
-0.00467
0.04332
0.00805
-0.00468
0.00123
0.00152
0.04595
-0.00002
0.00001
0.00004
0.00000
0.00003
-0.00207
0.00000
0.00000
0.00000
0.00000
-0.00903
0.00001
-0.00131
-0.00001
0.00002
-0.15074
0.00015
0.00092
-0.00001
0.00000
0.00001
-0.01275
-0.01300
0.00065
0.11657
0.00000
0.00355
-0.00003
0.00005
0.00000
0.01867
-0.01214
0.00263
0.00056
0.46184
-0.06310
-0.23265
0.00021
0.00586
-0.00036
0.06300
0.00060
0.00333
-0.00380
0.00868
0.00014
-0.00002
-0.00087
-0.00037
-0.00026
0.10776
-0.09444
-0.00958
0.03262
0.00524
0.09205
-0.08244
0.23797
0.00169
0.05218
0.05608
-0.01987
0.00756
-0.02596
-0.01537
0.02444
-0.00212
0.09667
0.00380
-0.00297
0.12427
0.17933
-0.04382
-0.02665
-0.11813
0.06291
-0.04082
-0.04050
0.06183
0.16438
-0.08799
-0.15267
-0.00200
0.15692
0.12905
0.39214
-0.10321
0.03886
-0.02681
0.01796
0.07974
0.08239
-0.03852
-0.08247
-0.06850
-0.03455
0.07521
0.02485
-0.45766
-0.20489
-0.17143
-0.29175
0.03588
0.03776
0.02308
0.28289
0.02172
-0.18341
0.06001
0.00668
-0.04297
-0.04099
-0.03220
0.02291
0.01051
-0.01756
0.01596
0.05332
0.07135
-0.20234
-0.00826
-0.13197
0.01961
0.00884
-0.04881
-0.01895
0.00777
0.01888
-0.00079
0.13406
0.00007
0.00001
-0.00001
0.00000
0.00001
0.00042
0.00000
0.00000
0.00000
0.00000
0.00230
-0.00001
0.00013
0.00000
0.00000
0.02693
-0.00016
-0.00011
0.00000
0.00000
0.00007
-0.05846
-0.05166
0.00263
0.46011
-0.00001
0.01617
-0.00011
0.00346
0.00000
0.00087
0.00454
-0.00055
-0.00012
-0.10746
0.01523
0.04446
-0.00004
-0.00139
-0.00012
-0.07186
-0.00041
-0.01946
-0.12924
0.18264
0.00007
0.00011
0.01359
0.00197
0.00088
0.00131
0.01541
0.03914
-0.04693
0.02950
-0.03317
-0.03011
0.01446
-0.00857
0.01737
-0.03977
0.04100
-0.01225
0.05105
0.09416
-0.21332
-0.03722
0.33241
0.01450
-0.00826
0.07468
-0.20656
0.12209
-0.06123
0.05037
-0.08615
0.04445
-0.01123
0.01160
0.04758
0.09935
0.04911
0.00361
-0.04936
0.03910
0.00211
0.03455
0.00547
-0.01383
0.06827
0.14728
0.18195
0.12971
-0.12806
-0.11667
0.01923
0.03463
-0.01656
-0.01929
0.04515
0.03482
0.15387
-0.02569
-0.06461
-0.01769
-0.11267
-0.01531
0.26516
-0.09515
-0.00607
-0.12635
-0.08552
-0.13518
0.03151
0.02787
0.12156
0.07591
0.17549
0.23987
-0.67173
-0.00428
-0.02645
-0.00663
-0.00105
-0.01312
-0.03938
0.02004
-0.01154
-0.00378
-0.15839
-0.00032
0.00006
0.00002
0.00000
0.00026
-0.01421
0.00000
0.00000
-0.00001
0.00000
0.02341
0.00018
0.00257
0.00009
-0.00006
0.45714
-0.00198
-0.00345
0.00007
0.00000
0.00013
0.00659
-0.00492
0.00002
0.01317
0.00002
-0.00584
-0.00005
0.00061
0.00000
0.00579
-0.01702
0.00210
0.00028
0.33444
-0.05496
-0.17529
0.00029
0.00474
-0.00026
-0.04065
0.00008
-0.00769
-0.00604
0.00169
-0.00008
0.00009
-0.00627
-0.00065
-0.00039
-0.32493
0.30311
0.04883
-0.10231
-0.05927
-0.20453
0.20305
-0.73473
0.00045
-0.15930
-0.19895
0.11576
-0.01936
0.08762
0.09127
-0.21206
-0.01836
-0.02747
-0.00157
0.00299
0.05236
0.06612
-0.02413
0.01198
-0.04369
0.04925
-0.02413
-0.02116
0.01835
-0.01394
-0.09848
-0.13290
-0.01264
0.11548
0.11072
0.20659
-0.00898
0.02115
-0.01720
0.00973
0.02962
0.02130
-0.00659
0.00237
0.01421
-0.00379
-0.01728
-0.02512
0.03807
0.02625
0.00760
0.06126
-0.00280
-0.00257
-0.01161
-0.03139
-0.00922
0.10962
-0.03704
-0.00531
0.01552
0.05606
-0.04831
0.00955
-0.01027
-0.01716
-0.01326
0.02166
0.03750
-0.10934
-0.11239
-1.72394
0.17671
0.06601
-0.16364
-0.27673
0.10456
0.27290
-0.00368
2.02919
0.00014
0.00001
0.00011
0.00000
0.00006
0.00032
0.00000
0.00000
0.00000
0.00000
-0.00096
-0.00001
-0.00039
-0.00001
0.00000
-0.01111
-0.00025
-0.00058
0.00002
0.00000
-0.00005
0.01055
0.00816
-0.00047
-0.08251
0.00000
-0.00411
0.00001
0.00131
0.00000
0.01263
-0.00230
0.00013
-0.00007
0.01479
-0.00943
-0.02150
0.00012
-0.00029
-0.00039
-0.03325
-0.00107
-0.04645
-0.27224
0.37914
0.00023
0.00008
0.03080
0.00399
0.00171
0.00643
-0.01599
-0.02783
0.02912
-0.01036
0.01164
0.01600
-0.01177
0.00465
-0.01141
0.02441
-0.02662
0.00566
-0.03043
-0.05408
0.12171
0.02129
-0.20029
-0.00884
0.00439
0.01316
0.18285
-0.07562
0.01145
-0.06521
0.01013
-0.00369
0.00167
-0.00406
0.10427
0.01270
0.07743
0.01861
-0.09704
-0.16370
-0.18073
-0.08983
-0.03672
0.06138
-0.11261
-0.42073
-0.47837
-0.23518
0.29502
0.23020
-0.02164
-0.05437
-0.20065
-0.24601
-0.00389
-0.13236
0.00437
0.00980
-0.01480
-0.03449
0.14540
-0.02195
0.39775
-0.13620
-0.01308
-0.05904
-0.01662
-0.08760
0.06411
0.00753
-0.05438
-0.00611
0.11234
0.14801
-0.42513
-0.00038
-0.00440
0.00637
0.00600
-0.06657
-0.01258
0.00790
-0.00870
-0.00294
-0.13431
0.00007
-0.00003
-0.00011
0.00000
-0.00011
0.00280
0.00000
0.00000
0.00000
0.00000
-0.00388
-0.00004
-0.00003
-0.00001
0.00001
-0.07107
0.00070
0.00128
-0.00004
0.00000
-0.00001
-0.00481
-0.00492
0.00028
0.05232
0.00000
0.00358
-0.00001
0.00010
0.00000
0.01496
-0.00491
0.00178
0.00043
0.31832
-0.04036
-0.15534
0.00009
0.00387
-0.00027
0.05512
0.00045
0.00551
-0.00183
0.00798
0.00014
-0.00007
0.00226
-0.00001
-0.00004
0.15504
-0.13635
-0.00998
0.03359
0.03223
0.08748
-0.10091
0.33604
-0.00302
0.07809
0.07319
-0.03320
0.00569
-0.01701
-0.00572
0.01877
-0.00542
0.13860
0.00652
-0.00430
-0.00304
-0.11152
0.02806
0.08547
0.06502
-0.07229
0.08167
0.04256
-0.05572
-0.07133
0.02535
0.06224
0.00708
-0.09929
-0.02571
-0.19445
0.08858
-0.03153
0.02598
-0.02696
-0.06830
-0.09666
0.00304
0.10430
0.11120
0.04200
-0.10706
-0.03775
0.61312
0.25941
0.22844
0.51019
-0.04627
-0.01318
-0.05016
-0.41455
-0.04428
0.42587
-0.13998
-0.01739
0.09477
0.06608
0.11406
-0.04180
-0.02130
-0.02768
-0.05995
-0.10805
-0.15033
0.42170
0.03686
0.56068
-0.06412
-0.02635
0.10563
0.08319
-0.03228
-0.07917
0.00197
-0.56579
-0.00027
-0.00003
0.00002
0.00000
-0.00006
-0.00068
0.00000
0.00000
-0.00001
0.00000
-0.00054
0.00005
0.00061
0.00003
0.00000
0.01365
0.00067
-0.00031
0.00001
0.00000
0.00013
-0.02544
-0.02382
0.00121
0.21345
0.00000
0.00990
-0.00006
0.00210
0.00000
-0.00847
0.00662
-0.00032
-0.00007
-0.07486
0.01060
0.02963
-0.00001
-0.00032
-0.00008
-0.07916
-0.00010
-0.01228
-0.09781
0.14057
0.00007
0.00011
0.00967
0.00152
0.00069
0.00713
0.02188
0.05975
-0.06637
0.03047
-0.03287
-0.03850
0.03255
-0.01149
0.02971
-0.06057
0.06783
-0.01377
0.07446
0.13576
-0.30710
-0.05400
0.52406
0.02332
-0.01127
0.06451
-0.01457
0.03261
-0.00440
-0.03501
-0.06182
0.06008
0.02221
-0.00383
0.17632
-0.01526
-0.02570
0.02806
0.03271
0.02736
0.14464
-0.06540
-0.00610
0.02492
-0.09475
-0.17457
-0.23632
-0.20606
0.18381
0.16396
-0.05274
-0.07906
0.05871
0.19859
-0.04613
0.00457
-0.26263
0.05425
0.12990
0.03960
0.10079
0.03067
-0.54485
0.19165
0.01139
0.22150
0.14508
0.24361
-0.07372
-0.04898
-0.19933
-0.12880
-0.30821
-0.42010
1.17774
0.00450
-0.00700
0.01812
0.00249
0.03386
0.06198
-0.03302
0.03184
0.00741
0.38265
-0.00010
0.00000
0.00000
0.00000
0.00000
0.00004
-0.00038
0.00019
0.99492
0.00039
-0.00006
-0.00005
-0.00011
-0.20759
0.00189
0.00002
0.00000
0.00020
0.00784
-0.00047
-0.00001
0.00005
0.00000
0.00180
0.00000
-0.00005
0.00000
-0.00548
-0.00005
0.00005
-0.00196
-0.00004
0.09829
0.00612
-0.00047
0.00003
0.00002
0.00098
-0.00089
-0.00111
0.00002
-0.00007
0.00000
-0.00001
0.00000
0.00065
-0.00046
0.00006
-0.00146
-0.00072
0.01109
0.00719
-0.03482
-0.03209
-0.02877
-0.00636
-0.00871
-0.00649
-0.04303
0.03342
0.00094
0.00079
0.00828
-0.01408
0.01969
0.00592
0.00064
-0.00128
-0.01187
0.00180
0.00034
0.00331
0.00185
0.00057
0.00275
0.00266
0.00153
-0.00017
-0.00378
0.00249
0.00072
0.00005
0.00753
-0.00682
0.00542
-0.00283
0.00289
0.00760
-0.02630
-0.00136
-0.00076
0.00314
-0.00077
0.00318
0.00087
0.00625
-0.02040
0.00392
-0.00705
0.00054
0.00965
0.00070
-0.00009
0.00021
0.02733
0.00251
-0.01360
-0.02053
-0.06562
0.01036
-0.00312
0.00038
0.00149
0.00063
-0.00594
0.00060
-0.00074
0.01283
-0.00132
0.00339
0.00024
0.00284
-0.00033
0.02103
0.00318
0.00189
0.00056
0.04395
-0.00004
-0.00345
-0.00004
0.00000
0.00000
0.00000
0.00000
0.00000
-0.00002
0.00001
0.02902
-0.00006
0.00032
0.00021
0.00024
0.46198
-0.00410
-0.00007
0.00000
-0.00046
-0.01707
0.00101
0.00000
-0.00007
-0.00001
-0.00509
0.00001
0.00017
0.00000
0.00993
0.00006
0.00009
0.00346
0.00008
-0.21431
-0.01345
0.00111
-0.00007
-0.00003
-0.00226
0.00264
0.00300
-0.00075
-0.00086
0.00000
0.00012
-0.00017
-0.00119
0.00279
-0.00002
0.00469
0.00274
-0.01882
-0.01567
0.06648
0.06668
0.05312
0.01330
0.01696
0.00870
0.08044
-0.06410
-0.00187
-0.00318
-0.01476
0.02913
-0.03307
-0.01038
0.00068
0.00456
0.01861
-0.00303
-0.00271
-0.01954
-0.00512
-0.00098
-0.01455
-0.02437
-0.01891
0.00378
0.02979
-0.01737
-0.00892
0.00112
-0.05972
0.05001
-0.03120
0.01386
-0.03097
-0.03246
0.18357
0.00670
0.00103
-0.01577
-0.00134
-0.02005
-0.00750
-0.03956
0.14851
-0.02994
0.05070
-0.00581
-0.06070
-0.00966
0.00151
-0.00195
-0.19350
-0.01766
0.10050
0.14984
0.45740
-0.07085
0.02848
-0.01226
-0.01375
-0.00373
0.06162
-0.00673
0.00777
-0.12644
0.00979
-0.02503
-0.00594
-0.09867
0.01033
-0.59631
-0.09536
-0.06208
-0.00308
-1.50022
-0.00111
0.11617
-0.00001
0.00000
0.00000
0.00000
0.00000
0.00000
0.00000
0.00000
0.00202
-0.00003
0.00009
0.00007
0.00008
0.15063
-0.00134
-0.00002
0.00000
-0.00015
-0.00577
0.00035
-0.00003
-0.00078
-0.00011
-0.05144
0.00016
-0.00138
-0.00003
-0.13305
-0.00047
0.00150
-0.00752
-0.00018
0.47042
0.02917
-0.00235
0.00016
0.00016
0.00501
-0.00579
-0.00227
0.00173
0.00201
0.00004
-0.00057
0.00051
0.10699
-0.20699
-0.01132
0.05418
0.01111
-0.03813
-0.02282
0.10903
0.09281
0.09081
0.01617
0.02728
0.02867
0.15330
-0.12220
-0.00316
-0.00914
-0.03308
0.08455
-0.14229
-0.04396
0.00411
0.00746
-0.00861
0.00104
-0.00344
-0.04389
-0.04135
-0.00956
-0.05692
-0.03853
-0.03965
-0.00767
0.01635
-0.02418
-0.00102
-0.01949
-0.07712
0.07437
-0.08981
0.04632
-0.08650
-0.25244
0.61246
0.05972
0.11322
-0.00853
0.11549
0.01998
0.05955
0.07390
-0.33360
0.06748
-0.08146
0.02013
0.05561
0.02342
-0.00368
0.00330
0.19193
0.01640
-0.09164
-0.13328
-0.38517
0.01685
-0.00087
0.04269
0.00629
-0.02034
0.22540
-0.01943
0.03625
0.07101
-0.01022
0.01823
-0.00067
-0.01133
0.00095
-0.04324
-0.00834
-0.00640
0.00429
-0.18916
-0.00186
0.01466
0.00000
0.00000
0.00000
0.00000
0.00000
0.00000
0.00000
0.00000
0.00031
0.00002
0.00001
-0.00003
0.00001
0.01641
-0.00018
0.00000
0.00000
0.00001
0.00025
-0.00005
0.00006
0.00287
0.00038
0.17832
-0.00053
0.00526
0.00009
0.45633
0.00149
-0.00398
-0.00143
-0.00005
0.09092
0.00638
-0.00042
0.00005
0.00015
0.00201
-0.00018
0.00555
0.00022
-0.00123
0.00001
-0.00029
0.00011
0.07755
-0.14322
-0.00811
0.04358
0.01008
-0.02023
-0.01003
0.09078
0.10354
0.06986
0.02807
0.01887
-0.01320
0.01848
-0.00096
-0.00084
0.02974
0.00525
-0.13140
0.25879
0.08049
-0.02379
-0.01648
0.27073
-0.04567
0.00716
-0.01099
-0.01210
0.04446
0.00845
-0.07438
-0.09074
0.02599
0.02315
0.01071
-0.03067
0.03345
-0.06905
0.03612
0.04289
-0.03741
-0.07106
0.15961
0.26546
0.01676
0.00751
-0.01586
0.02279
-0.04506
0.01747
-0.01254
-0.03389
0.01109
-0.01880
-0.00239
0.03967
0.00855
0.00165
0.00110
-0.01376
0.00276
-0.01545
-0.03304
-0.06320
0.15391
-0.04649
-0.11355
0.00456
0.07242
-0.86250
0.07820
-0.13834
0.00027
0.00085
-0.01341
0.00227
-0.00087
-0.00024
-0.03032
-0.00372
-0.00289
-0.00366
-0.03912
0.00549
0.00460
0.00000
0.00000
0.00000
0.00000
0.00000
0.00000
0.00000
-0.00001
0.00093
-0.00006
0.00004
0.00002
0.00003
0.06674
-0.00060
-0.00001
0.00000
-0.00007
-0.00236
0.00014
0.00001
0.00047
0.00005
0.02479
-0.00006
0.00121
0.00002
0.08160
0.00028
0.00046
-0.00345
-0.00008
0.22207
0.01228
-0.00109
0.00001
0.00014
-0.00167
-0.00249
-0.01014
0.00079
0.00156
-0.00017
0.00051
0.00016
-0.26067
0.49280
0.02700
-0.14709
-0.03783
-0.01125
0.00214
0.04502
0.04489
0.05775
0.01661
0.01861
0.01551
0.08679
-0.06604
-0.00250
0.01100
-0.02780
0.00045
0.00259
0.00301
-0.01702
-0.00403
0.11687
-0.01753
0.00391
-0.10526
-0.15779
-0.00960
-0.14262
-0.05689
-0.05757
-0.02692
-0.02303
-0.01580
0.03046
-0.02475
0.02893
0.00306
-0.12530
0.10550
0.13617
-0.47353
-0.16575
0.01751
0.01244
-0.07901
0.02642
0.00516
-0.04942
-0.14425
0.38251
-0.07004
0.13740
-0.00875
-0.22345
0.02494
-0.00499
0.00096
-0.14029
0.00244
-0.00272
-0.13934
-0.37834
0.27399
0.05016
-0.03199
-0.01908
0.00133
-0.08901
0.00620
-0.02653
-0.13587
-0.00953
-0.04429
0.00167
-0.00414
-0.00055
0.01229
-0.00060
0.00254
0.01615
-0.11638
-0.00434
0.01008
0.00011
0.00000
0.00000
0.00000
0.00000
-0.00001
0.00002
0.00001
-0.01418
0.00038
-0.00049
-0.00027
0.00023
0.44562
-0.00450
0.00001
0.00000
-0.00048
-0.02069
0.00132
0.00011
-0.00043
-0.00001
-0.00714
0.00001
0.00025
0.00000
0.03049
0.00037
-0.00013
0.01186
0.00022
-0.41069
-0.02572
0.00163
-0.00014
-0.00019
-0.00498
0.00069
-0.00128
0.00322
0.00513
-0.00003
-0.00038
0.00082
-0.00558
-0.00518
-0.00100
0.00460
0.00113
-0.13160
-0.07240
0.38548
0.33323
0.32973
0.06438
0.09769
0.09429
0.51776
-0.40045
-0.01090
-0.00571
-0.10553
0.17996
-0.29572
-0.08912
-0.01111
0.00787
0.16569
-0.02512
0.00061
0.02766
0.02165
-0.01318
0.03147
0.06522
0.07102
-0.00858
-0.02839
0.01278
0.01714
-0.01330
0.08786
-0.06327
0.03564
-0.01649
0.04910
0.05411
-0.32534
-0.02143
-0.03348
0.01668
-0.02963
0.00446
-0.00453
0.03165
-0.10108
0.02058
-0.05280
-0.00008
0.09787
-0.00312
0.00160
0.00081
0.15691
0.01103
-0.06155
-0.05011
-0.16725
-0.04140
-0.04385
0.00319
0.01632
0.01237
-0.12915
0.01385
-0.01363
0.15513
-0.00306
0.03362
0.00788
0.15881
-0.01583
0.89954
0.14850
0.09884
-0.00953
2.53067
0.00553
-0.19898
0.00003
0.00000
0.00000
0.00000
0.00000
0.00000
0.00001
0.00001
-0.00279
0.00017
-0.00018
-0.00017
0.00004
0.06771
-0.00083
0.00002
0.00000
-0.00008
-0.00366
0.00021
0.00002
-0.00026
-0.00006
-0.02285
0.00010
-0.00052
-0.00001
-0.05579
-0.00019
0.00087
-0.00368
-0.00009
0.30754
0.01916
-0.00164
0.00012
0.00011
0.00338
-0.00546
-0.00003
0.00246
0.00392
0.00004
-0.00052
0.00062
0.08006
-0.16093
-0.00900
0.04462
0.00995
-0.05530
-0.03285
0.15064
0.12386
0.12648
0.02158
0.03783
0.04108
0.20992
-0.16627
-0.00431
-0.01666
-0.04459
0.12344
-0.20695
-0.06211
0.00555
0.01222
-0.06408
0.01147
-0.00082
0.03752
0.04334
-0.02038
0.05828
0.08368
0.11624
-0.00032
0.00984
-0.00019
0.01155
0.00407
0.04788
-0.02823
0.01745
-0.00064
0.09500
0.08458
-0.41373
-0.03885
-0.09427
-0.03501
-0.08725
-0.04966
-0.06259
-0.13035
0.45974
-0.08824
0.12330
-0.02162
-0.12152
-0.01902
0.00341
-0.00352
-0.36270
-0.03075
0.16732
0.24334
0.77249
-0.05055
0.01244
-0.06123
-0.01487
0.02877
-0.36293
0.03228
-0.05993
-0.14385
0.01808
-0.04885
0.00317
0.05866
-0.00551
0.25838
0.04546
0.03386
-0.00943
0.85185
0.00448
-0.06335
0.00001
0.00000
0.00000
0.00000
0.00000
0.00000
0.00000
-0.00001
-0.00043
0.00003
-0.00001
0.00022
0.00001
0.01341
0.00004
0.00000
0.00000
0.00000
-0.00030
0.00007
-0.00002
0.00081
0.00020
0.08090
-0.00031
0.00265
0.00004
0.21022
0.00081
-0.00217
-0.00086
-0.00006
0.05867
0.00391
-0.00034
0.00003
0.00003
0.00166
0.00174
0.00233
-0.00006
-0.00364
-0.00003
-0.00032
0.00009
0.06402
-0.11395
-0.00629
0.02695
0.00305
-0.01808
-0.00375
0.09980
0.11796
0.08051
0.03338
0.02096
-0.01332
0.03383
-0.00534
-0.00125
0.05529
0.00580
-0.20536
0.37728
0.11476
-0.04324
-0.03131
0.48127
-0.07673
0.00325
-0.07111
-0.09914
0.03462
-0.12348
-0.12911
-0.19551
-0.01321
-0.06198
0.01918
0.00227
-0.00002
0.04725
-0.06003
0.03083
-0.01099
0.03310
0.02470
-0.34871
-0.03508
-0.01562
0.06352
-0.05081
0.08309
-0.01859
0.05032
0.00996
-0.01292
0.02954
0.00477
-0.07447
-0.01322
-0.00357
-0.00245
0.02180
-0.00416
0.02159
0.03573
0.04721
-0.21743
0.07600
0.20157
-0.00478
-0.12495
1.47269
-0.13477
0.23598
-0.00202
0.00145
0.02266
-0.00438
0.00374
0.00035
0.07081
0.00917
0.00600
0.00560
0.10665
-0.01055
-0.01148
0.00002
0.00000
0.00000
0.00000
0.00000
0.00000
0.00000
0.00003
-0.00131
0.00022
-0.00009
-0.00001
0.00002
0.03192
-0.00038
0.00001
0.00000
-0.00007
-0.00388
0.00019
0.00001
0.00007
0.00002
0.00655
-0.00002
0.00104
0.00001
0.04240
0.00016
0.00156
-0.00162
-0.00005
0.14427
0.00712
-0.00083
-0.00004
-0.00003
-0.00300
-0.00178
-0.01412
0.00103
0.00146
-0.00014
0.00036
0.00021
-0.20172
0.37879
0.02047
-0.10967
-0.02691
-0.02447
-0.01126
0.08020
0.07405
0.07068
0.01595
0.02050
0.01563
0.10067
-0.07386
-0.00211
0.00928
-0.01632
-0.00620
0.01547
0.00414
-0.00865
-0.00510
0.12898
-0.02053
-0.00241
0.07470
0.12144
0.02084
0.10541
0.01461
0.00148
0.02635
0.01975
0.01475
-0.03430
0.02583
-0.04605
0.00832
0.12157
-0.10583
-0.15624
0.47374
0.25134
-0.01332
-0.00448
0.08159
-0.02055
-0.00783
0.05544
0.15163
-0.40059
0.07322
-0.14046
0.01037
0.22506
-0.02676
0.00520
-0.00135
0.10756
-0.00764
0.02995
0.19960
0.57046
-0.34993
-0.04853
0.05095
0.01931
-0.01029
0.19414
-0.01548
0.04532
0.13237
0.01533
0.04317
-0.00180
0.02428
-0.00095
0.06388
0.01505
0.00750
-0.02481
0.42648
0.00640
-0.03373
0.00001
0.00000
0.00000
0.00000
0.00000
0.00000
0.00000
0.00001
0.00022
-0.00012
0.00004
0.00000
0.00008
0.16052
-0.00153
-0.00002
0.00000
-0.00016
-0.00589
0.00032
-0.00003
-0.00151
-0.00020
-0.09607
0.00029
-0.00267
-0.00005
-0.24425
-0.00080
0.00252
-0.00250
-0.00005
0.15176
0.00894
-0.00076
0.00004
0.00002
0.00084
-0.00219
-0.00395
0.00045
0.00107
0.00000
-0.00006
0.00012
-0.00058
-0.00170
0.00008
-0.00340
-0.00174
0.00952
0.00614
-0.03561
-0.03609
-0.03212
-0.00879
-0.01043
-0.00687
-0.04679
0.04012
0.00130
0.00832
0.01488
-0.05241
0.08489
0.02583
-0.00563
-0.00950
0.09899
-0.01655
0.01847
-0.06690
-0.11189
0.14168
-0.10603
-0.29705
-0.44037
0.03561
-0.08347
0.08470
-0.05848
0.08426
0.02579
-0.12004
0.26784
-0.17350
-0.05789
0.70260
-0.58702
-0.07775
-0.09380
0.13143
-0.12739
0.06337
-0.01531
0.10244
-0.10538
0.00675
-0.02966
-0.00745
0.06801
-0.01993
0.00104
-0.00253
0.19995
0.01764
-0.09277
-0.16034
-0.59706
0.14396
-0.03015
0.00883
0.01762
0.00328
-0.01626
-0.00172
-0.00342
0.07083
-0.00091
0.03696
-0.00160
-0.04444
0.00433
-0.14266
-0.02726
-0.02679
0.00300
-0.53891
-0.00094
0.03587
-0.00005
0.00000
0.00000
0.00000
0.00000
0.00001
-0.00002
-0.00004
0.00338
0.00013
0.00050
0.00073
0.00000
0.00345
0.00082
-0.00006
0.00000
-0.00003
-0.00132
0.00032
-0.00021
-0.00157
-0.00008
-0.05797
0.00006
-0.00178
-0.00003
-0.15178
-0.00055
-0.00004
-0.00602
-0.00014
0.11515
0.00761
-0.00044
0.00002
-0.00019
0.00240
0.00577
-0.00315
-0.00389
-0.01117
-0.00005
0.00027
-0.00093
0.01464
0.00120
0.00048
-0.00748
-0.00400
0.11298
0.07711
-0.25143
-0.16474
-0.21429
-0.01212
-0.06808
-0.12037
-0.49599
0.41818
0.00938
0.10313
0.11833
-0.54675
0.96041
0.29152
-0.06266
-0.06396
0.65853
-0.10841
-0.01342
0.05395
0.08687
-0.10901
0.07243
0.23690
0.33586
-0.03658
0.04107
-0.06423
0.05726
-0.09154
0.02563
0.06716
-0.23264
0.15427
0.05817
-0.69095
0.39151
0.06368
0.09823
-0.08283
0.11768
-0.00861
0.02546
-0.01579
-0.10954
0.02991
-0.03587
0.01474
0.02170
0.01399
-0.00118
0.00319
0.04526
-0.00027
0.00709
0.06134
0.22154
-0.26518
0.05301
0.09100
-0.01405
-0.06639
0.84967
-0.07332
0.14217
0.01302
-0.01094
0.00958
-0.00545
-0.03320
0.00371
-0.27746
-0.04127
-0.01639
0.00248
-0.55718
-0.00691
0.04563
0.00001
0.00000
0.00000
0.00000
0.00000
0.00000
0.00000
0.00000
0.00033
0.00013
0.00002
0.00007
0.00007
0.13822
-0.00121
-0.00001
0.00000
-0.00012
-0.00532
0.00034
0.00003
0.00152
0.00021
0.09695
-0.00029
0.00286
0.00005
0.24292
0.00076
-0.00169
-0.00252
-0.00007
0.15490
0.00966
-0.00080
0.00003
0.00001
0.00095
-0.00118
-0.00354
0.00035
-0.00033
-0.00002
-0.00008
0.00008
0.00119
-0.00003
-0.00018
0.00075
0.00078
0.01335
0.01011
-0.04881
-0.05038
-0.04555
-0.01266
-0.01544
-0.00787
-0.07495
0.05666
0.00202
-0.00905
0.01444
0.01989
-0.05402
-0.01819
0.01484
0.00506
-0.16276
0.02517
-0.01793
0.21201
0.27138
-0.14913
0.27583
0.45549
0.59780
-0.03123
0.02177
-0.02990
0.07230
-0.09030
0.19762
-0.08059
-0.05588
0.04675
0.13655
-0.22214
-0.54849
-0.02433
-0.05480
-0.01047
-0.03380
-0.01247
-0.01011
0.04897
-0.20767
0.04510
-0.13461
-0.00509
0.29053
-0.02270
0.00880
0.00206
0.37649
0.02650
-0.12705
-0.07393
-0.33746
-0.16100
-0.06782
-0.05409
0.01725
0.03508
-0.18944
0.02160
-0.01360
0.23543
-0.01749
0.08489
-0.00369
-0.04873
0.00504
-0.28164
-0.04139
-0.02536
-0.00911
-0.45002
0.00331
0.02630
-0.00008
0.00000
0.00000
0.00000
0.00000
0.00000
0.00000
0.00000
0.00309
-0.00085
0.00047
-0.00020
0.00000
0.00349
-0.00020
-0.00004
0.00000
0.00012
0.00961
-0.00098
0.00006
0.00246
0.00011
0.08101
-0.00010
0.00165
0.00004
0.15624
0.00028
-0.00126
-0.00600
-0.00005
0.14313
0.00957
-0.00011
0.00013
0.00055
0.00355
-0.00285
0.01774
-0.00220
0.00228
0.00012
0.00051
-0.00062
-0.00686
0.01041
0.00142
0.00159
0.00212
0.11648
0.04960
-0.42372
-0.41925
-0.36372
-0.09842
-0.10361
-0.04918
-0.43168
0.30135
0.00998
-0.09629
0.06903
0.23043
-0.43431
-0.13020
0.08120
0.05387
-1.03494
0.16772
0.01533
-0.15510
-0.20671
0.13205
-0.19949
-0.40098
-0.50572
0.04516
0.01376
0.03036
-0.08332
0.12370
-0.24572
0.10740
0.07392
-0.05982
-0.14257
0.33856
0.67924
0.03382
0.06156
-0.00878
0.04814
-0.00343
0.01105
-0.08927
0.28565
-0.05715
0.16863
0.00425
-0.36237
0.03903
-0.01179
-0.00096
-0.41697
-0.02129
0.08573
-0.06990
-0.06320
0.49536
0.04231
-0.04512
-0.01459
0.02595
-0.61987
0.04980
-0.12620
-0.26610
0.01020
-0.10867
0.00623
-0.01033
-0.00055
0.05804
-0.00334
-0.01288
0.02903
-0.61701
-0.00370
0.06031
